[13:55:34] [ServerMain/INFO]: [bootstrap] Running Java 21 (OpenJDK 64-Bit Server VM 21.0.8+9-Ubuntu-0ubuntu124.04.1; Ubuntu null) on Linux 6.8.0-1030-azure (amd64)
[13:55:34] [ServerMain/INFO]: [bootstrap] Loading Folia 1.21.8-3-ver/1.21.8@890349d (2025-08-22T02:10:39Z) for Minecraft 1.21.8
[13:55:34] [ServerMain/INFO]: [PluginInitializerManager] Initializing plugins...
[13:55:34] [ServerMain/INFO]: [PluginInitializerManager] Initialized 0 plugins
[13:55:34] [Paper Plugin Remapper Thread - 1/INFO]: [ReobfServer] Remapping server...
[13:55:42] [ServerMain/INFO]: Environment: Environment[sessionHost=https://sessionserver.mojang.com, servicesHost=https://api.minecraftservices.com, name=PROD]
[13:55:42] [ServerMain/INFO]: Found new data pack file/bukkit, loading it automatically
[13:55:42] [ServerMain/INFO]: Found new data pack paper, loading it automatically
[13:55:43] [Paper Plugin Remapper Thread - 1/INFO]: [ReobfServer] Done remapping server in 8398ms.
[13:55:43] [ServerMain/INFO]: No existing world data, creating new world
[13:55:44] [ServerMain/INFO]: Loaded 1407 recipes
[13:55:44] [ServerMain/INFO]: Loaded 1520 advancements
[13:55:44] [ServerMain/INFO]: [ca.spottedleaf.dataconverter.minecraft.datatypes.MCTypeRegistry] Initialising converters for DataConverter...
[13:55:44] [ServerMain/INFO]: [ca.spottedleaf.dataconverter.minecraft.datatypes.MCTypeRegistry] Finished initialising converters for DataConverter in 385.8ms
[13:55:44] [Server thread/INFO]: Starting minecraft server version 1.21.8
[13:55:44] [Server thread/INFO]: Loading properties
[13:55:44] [Server thread/INFO]: This server is running Folia version 1.21.8-3-ver/1.21.8@890349d (2025-08-22T02:10:39Z) (Implementing API version 1.21.8-R0.1-SNAPSHOT)
[13:55:45] [Server thread/INFO]: [spark] This server bundles the spark profiler. For more information please visit https://docs.papermc.io/paper/profiling
[13:55:45] [Server thread/INFO]: Server Ping Player Sample Count: 12
[13:55:45] [Server thread/INFO]: Using 4 threads for Netty based IO
[13:55:45] [Server thread/INFO]: [MoonriseCommon] Paper is using 1 worker threads, 1 I/O threads
[13:55:45] [Server thread/INFO]: [ChunkTaskScheduler] Chunk system is using population gen parallelism: true
[13:55:45] [Server thread/INFO]: [io.papermc.paper.threadedregions.TickRegions] Regionised ticking is enabled with 1 tick threads
[13:55:46] [Server thread/INFO]: Default game type: SURVIVAL
[13:55:46] [Server thread/INFO]: Generating keypair
[13:55:46] [Server thread/INFO]: Starting Minecraft server on *:25565
[13:55:46] [Server thread/INFO]: Using epoll channel type
[13:55:46] [Server thread/INFO]: Paper: Using libdeflate (Linux x86_64) compression from Velocity.
[13:55:46] [Server thread/INFO]: Paper: Using OpenSSL 3.x.x (Linux x86_64) cipher from Velocity.
[13:55:46] [Server thread/WARN]: **** SERVER IS RUNNING IN OFFLINE/INSECURE MODE!
[13:55:46] [Server thread/WARN]: The server will make no attempt to authenticate usernames. Beware.
[13:55:46] [Server thread/WARN]: While this makes the game possible to play without internet access, it also opens up the ability for hackers to connect with any username they choose.
[13:55:46] [Server thread/WARN]: To change this, set "online-mode" to "true" in the server.properties file.
[13:55:46] [Server thread/INFO]: Preparing level "world"
[13:55:47] [Server thread/INFO]: Preparing start region for dimension minecraft:overworld
[13:55:47] [Server thread/INFO]: Time elapsed: 2 ms
[13:55:47] [Server thread/INFO]: Preparing start region for dimension minecraft:the_nether
[13:55:47] [Server thread/INFO]: Time elapsed: 0 ms
[13:55:47] [Server thread/INFO]: Preparing start region for dimension minecraft:the_end
[13:55:47] [Server thread/INFO]: Time elapsed: 0 ms
[13:55:47] [Server thread/INFO]: [spark] The spark plugin has been preferred but was not loaded. The bundled spark profiler will enabled instead.
[13:55:47] [Server thread/INFO]: [spark] The spark profiler will not be enabled because it is currently disabled in the configuration.
[13:55:47] [Server thread/INFO]: Done preparing level "world" (0.873s)
[13:55:47] [Server thread/INFO]: Done (13.650s)! For help, type "help"
[13:55:47] [Region Scheduler Thread #0/INFO]: Initialising world 'world' before it can be ticked...
[13:55:52] [Folia Watchdog Thread/ERROR]: [io.papermc.paper.threadedregions.FoliaWatchdogThread] Tick region located in world 'world' around chunk '[0, 0]' has not responded in 5.20019279s:
[13:55:52] [Folia Watchdog Thread/ERROR]: ------------------------------
[13:55:52] [Folia Watchdog Thread/ERROR]: Current Thread: Region Scheduler Thread #0
[13:55:52] [Folia Watchdog Thread/ERROR]: 	PID: 52 | Suspended: false | Native: false | State: TIMED_WAITING
[13:55:52] [Folia Watchdog Thread/ERROR]: 	Stack:
[13:55:52] [Folia Watchdog Thread/ERROR]: 		java.base@21.0.8/jdk.internal.misc.Unsafe.park(Native Method)
[13:55:52] [Folia Watchdog Thread/ERROR]: 		java.base@21.0.8/java.util.concurrent.locks.LockSupport.parkNanos(LockSupport.java:269)
[13:55:52] [Folia Watchdog Thread/ERROR]: 		net.minecraft.util.thread.BlockableEventLoop.waitForTasks(BlockableEventLoop.java:150)
[13:55:52] [Folia Watchdog Thread/ERROR]: 		net.minecraft.util.thread.BlockableEventLoop.managedBlock(BlockableEventLoop.java:140)
[13:55:52] [Folia Watchdog Thread/ERROR]: 		net.minecraft.server.level.ServerChunkCache$MainThreadExecutor.managedBlock(ServerChunkCache.java:829)
[13:55:52] [Folia Watchdog Thread/ERROR]: 		net.minecraft.server.level.ServerChunkCache.syncLoad(ServerChunkCache.java:122)
[13:55:52] [Folia Watchdog Thread/ERROR]: 		net.minecraft.server.level.ServerChunkCache.getChunkFallback(ServerChunkCache.java:156)
[13:55:52] [Folia Watchdog Thread/ERROR]: 		net.minecraft.server.level.ServerChunkCache.getChunk(ServerChunkCache.java:330)
[13:55:52] [Folia Watchdog Thread/ERROR]: 		net.minecraft.world.level.Level.getChunk(Level.java:1028)
[13:55:52] [Folia Watchdog Thread/ERROR]: 		net.minecraft.server.level.PlayerRespawnLogic.getOverworldRespawnPos(PlayerRespawnLogic.java:18)
[13:55:52] [Folia Watchdog Thread/ERROR]: 		net.minecraft.server.level.PlayerRespawnLogic.getSpawnPosInChunk(PlayerRespawnLogic.java:53)
[13:55:52] [Folia Watchdog Thread/ERROR]: 		net.minecraft.server.MinecraftServer.setInitialSpawn(MinecraftServer.java:866)
[13:55:52] [Folia Watchdog Thread/ERROR]: 		net.minecraft.server.MinecraftServer.initWorld(MinecraftServer.java:809)
[13:55:52] [Folia Watchdog Thread/ERROR]: 		net.minecraft.server.MinecraftServer.tickServer(MinecraftServer.java:1628)
[13:55:52] [Folia Watchdog Thread/ERROR]: 		io.papermc.paper.threadedregions.TickRegions$ConcreteRegionTickHandle.tickRegion(TickRegions.java:407)
[13:55:52] [Folia Watchdog Thread/ERROR]: 		io.papermc.paper.threadedregions.TickRegionScheduler$RegionScheduleHandle.runTick(TickRegionScheduler.java:418)
[13:55:52] [Folia Watchdog Thread/ERROR]: 		ca.spottedleaf.concurrentutil.scheduler.SchedulerThreadPool$TickThreadRunner.run(SchedulerThreadPool.java:546)
[13:55:52] [Folia Watchdog Thread/ERROR]: 		java.base@21.0.8/java.lang.Thread.runWith(Thread.java:1596)
[13:55:52] [Folia Watchdog Thread/ERROR]: 		java.base@21.0.8/java.lang.Thread.run(Thread.java:1583)
[13:55:54] [Region Scheduler Thread #0/INFO]: Initialised world 'world'
[13:55:54] [Region Scheduler Thread #0/INFO]: Initialising world 'world_nether' before it can be ticked...
[13:55:55] [Region Scheduler Thread #0/INFO]: Initialised world 'world_nether'
[13:55:55] [Region Scheduler Thread #0/INFO]: Initialising world 'world_the_end' before it can be ticked...
[13:55:55] [Region Scheduler Thread #0/INFO]: Initialised world 'world_the_end'
